Base path: C:/Program Files/Unity/Editor/Data
Cmd: initializeCompiler
Cmd: compileComputeKernel
  error: 2 plat 4 at Deferred.compute(83): failed to open source file: 'Packages/com.unity.render-pipelines.core/ShaderLibrary/Common.hlsl'
  api=4 insize=13827 outsize=0 ok=0
Cmd: compileComputeKernel
  error: 2 plat 4 at Deferred.compute(83): failed to open source file: 'Packages/com.unity.render-pipelines.core/ShaderLibrary/Common.hlsl'
  api=4 insize=13827 outsize=0 ok=0
Cmd: compileComputeKernel
  error: 2 plat 4 at Deferred.compute(83): failed to open source file: 'Packages/com.unity.render-pipelines.core/ShaderLibrary/Common.hlsl'
  api=4 insize=13827 outsize=0 ok=0
Cmd: compileComputeKernel
  error: 2 plat 4 at Deferred.compute(83): failed to open source file: 'Packages/com.unity.render-pipelines.core/ShaderLibrary/Common.hlsl'
  api=4 insize=13827 outsize=0 ok=0
Cmd: compileComputeKernel
  error: 2 plat 4 at Deferred.compute(83): failed to open source file: 'Packages/com.unity.render-pipelines.core/ShaderLibrary/Common.hlsl'
  api=4 insize=13827 outsize=0 ok=0
Cmd: compileComputeKernel
  error: 2 plat 4 at Deferred.compute(83): failed to open source file: 'Packages/com.unity.render-pipelines.core/ShaderLibrary/Common.hlsl'
  api=4 insize=13827 outsize=0 ok=0
Cmd: compileComputeKernel
  error: 2 plat 4 at Deferred.compute(83): failed to open source file: 'Packages/com.unity.render-pipelines.core/ShaderLibrary/Common.hlsl'
  api=4 insize=13827 outsize=0 ok=0
Cmd: compileComputeKernel
  error: 2 plat 4 at Deferred.compute(83): failed to open source file: 'Packages/com.unity.render-pipelines.core/ShaderLibrary/Common.hlsl'
  api=4 insize=13827 outsize=0 ok=0
Cmd: compileComputeKernel
  error: 2 plat 4 at lightlistbuild-clustered.compute(16): failed to open source file: 'Packages/com.unity.render-pipelines.core/ShaderLibrary/Common.hlsl'
  api=4 insize=27333 outsize=0 ok=0
Cmd: compileComputeKernel
  error: 2 plat 4 at lightlistbuild.compute(16): failed to open source file: 'Packages/com.unity.render-pipelines.core/ShaderLibrary/Common.hlsl'
  api=4 insize=19561 outsize=0 ok=0
Cmd: compileComputeKernel
  error: 2 plat 4 at VolumetricLighting.compute(40): failed to open source file: 'Packages/com.unity.render-pipelines.core/ShaderLibrary/Common.hlsl'
  api=4 insize=37259 outsize=0 ok=0
Cmd: compileComputeKernel
  error: 2 plat 4 at VolumeVoxelization.compute(28): failed to open source file: 'Packages/com.unity.render-pipelines.core/ShaderLibrary/Common.hlsl'
  api=4 insize=17684 outsize=0 ok=0
Cmd: compileComputeKernel
  error: 2 plat 4 at ShadowBlurMoments.compute(80): failed to open source file: 'Packages/com.unity.render-pipelines.core/ShaderLibrary/Common.hlsl'
  api=4 insize=17177 outsize=0 ok=0
Cmd: compileComputeKernel
  error: 2 plat 4 at ShadowBlurMoments.compute(80): failed to open source file: 'Packages/com.unity.render-pipelines.core/ShaderLibrary/Common.hlsl'
  api=4 insize=17177 outsize=0 ok=0
Cmd: compileComputeKernel
  error: 2 plat 4 at ShadowBlurMoments.compute(80): failed to open source file: 'Packages/com.unity.render-pipelines.core/ShaderLibrary/Common.hlsl'
  api=4 insize=17177 outsize=0 ok=0
Cmd: compileComputeKernel
  error: 2 plat 4 at ShadowBlurMoments.compute(80): failed to open source file: 'Packages/com.unity.render-pipelines.core/ShaderLibrary/Common.hlsl'
  api=4 insize=17177 outsize=0 ok=0
Cmd: compileComputeKernel
  error: 2 plat 4 at ShadowBlurMoments.compute(80): failed to open source file: 'Packages/com.unity.render-pipelines.core/ShaderLibrary/Common.hlsl'
  api=4 insize=17177 outsize=0 ok=0
Cmd: compileComputeKernel
  error: 2 plat 4 at ShadowBlurMoments.compute(80): failed to open source file: 'Packages/com.unity.render-pipelines.core/ShaderLibrary/Common.hlsl'
  api=4 insize=17177 outsize=0 ok=0
Cmd: compileComputeKernel
  error: 2 plat 4 at ShadowBlurMoments.compute(80): failed to open source file: 'Packages/com.unity.render-pipelines.core/ShaderLibrary/Common.hlsl'
  api=4 insize=17177 outsize=0 ok=0
Cmd: compileComputeKernel
  error: 2 plat 4 at ShadowBlurMoments.compute(80): failed to open source file: 'Packages/com.unity.render-pipelines.core/ShaderLibrary/Common.hlsl'
  api=4 insize=17177 outsize=0 ok=0
Cmd: initializeCompiler
Cmd: compileComputeKernel
  api=4 insize=14379 outsize=94893 ok=1
Cmd: compileComputeKernel
  api=4 insize=14379 outsize=67149 ok=1
Cmd: compileComputeKernel
  api=4 insize=14379 outsize=69517 ok=1
Cmd: compileComputeKernel
  api=4 insize=14379 outsize=42785 ok=1
Cmd: compileComputeKernel
  api=4 insize=26814 outsize=15525 ok=1
Cmd: compileComputeKernel
  api=4 insize=26814 outsize=301 ok=1
Cmd: compileComputeKernel
  api=4 insize=2059 outsize=349 ok=1
Cmd: compileComputeKernel
  api=4 insize=10881 outsize=10437 ok=1
Cmd: compileComputeKernel
  api=4 insize=4845 outsize=4101 ok=1
Cmd: compileComputeKernel
  api=4 insize=3396 outsize=2581 ok=1
Cmd: compileComputeKernel
  api=4 insize=18299 outsize=8781 ok=1
Cmd: compileComputeKernel
  api=4 insize=19063 outsize=14241 ok=1
Cmd: compileComputeKernel
  api=4 insize=34758 outsize=35261 ok=1
Cmd: compileComputeKernel
  api=4 insize=34758 outsize=35261 ok=1
Cmd: compileComputeKernel
  api=4 insize=13916 outsize=2265 ok=1
Cmd: compileComputeKernel
  api=4 insize=16866 outsize=6893 ok=1
Cmd: compileComputeKernel
  api=4 insize=16866 outsize=7029 ok=1
Cmd: compileComputeKernel
  api=4 insize=16866 outsize=9673 ok=1
Cmd: compileComputeKernel
  api=4 insize=16866 outsize=7261 ok=1
Cmd: compileComputeKernel
  api=4 insize=16866 outsize=7069 ok=1
Cmd: compileComputeKernel
  api=4 insize=16866 outsize=8849 ok=1
Cmd: compileComputeKernel
  api=4 insize=16866 outsize=8277 ok=1
Cmd: compileComputeKernel
  api=4 insize=16866 outsize=10773 ok=1
