Base path: C:/Program Files/Unity/Editor/Data
Cmd: initializeCompiler
Cmd: compileComputeKernel
  error: 2 plat 4 at Deferred.compute(83): failed to open source file: 'Packages/com.unity.render-pipelines.core/ShaderLibrary/Common.hlsl'
  api=4 insize=13827 outsize=0 ok=0
Cmd: compileComputeKernel
  error: 2 plat 4 at lightlistbuild-clustered.compute(16): failed to open source file: 'Packages/com.unity.render-pipelines.core/ShaderLibrary/Common.hlsl'
  api=4 insize=27333 outsize=0 ok=0
Cmd: compileComputeKernel
  error: 2 plat 4 at ColorPyramid.compute(22): failed to open source file: 'Packages/com.unity.render-pipelines.core/ShaderLibrary/Common.hlsl'
  api=4 insize=6534 outsize=0 ok=0
Cmd: compileComputeKernel
  error: 2 plat 4 at lightlistbuild.compute(16): failed to open source file: 'Packages/com.unity.render-pipelines.core/ShaderLibrary/Common.hlsl'
  api=4 insize=19561 outsize=0 ok=0
Cmd: compileComputeKernel
  error: 2 plat 4 at VolumetricLighting.compute(40): failed to open source file: 'Packages/com.unity.render-pipelines.core/ShaderLibrary/Common.hlsl'
  api=4 insize=37259 outsize=0 ok=0
Cmd: compileComputeKernel
  error: 2 plat 4 at ShadowBlurMoments.compute(80): failed to open source file: 'Packages/com.unity.render-pipelines.core/ShaderLibrary/Common.hlsl'
  api=4 insize=17177 outsize=0 ok=0
Cmd: compileComputeKernel
  error: 2 plat 4 at ShadowBlurMoments.compute(80): failed to open source file: 'Packages/com.unity.render-pipelines.core/ShaderLibrary/Common.hlsl'
  api=4 insize=17177 outsize=0 ok=0
Cmd: compileComputeKernel
  error: 2 plat 4 at ShadowBlurMoments.compute(80): failed to open source file: 'Packages/com.unity.render-pipelines.core/ShaderLibrary/Common.hlsl'
  api=4 insize=17177 outsize=0 ok=0
Cmd: compileComputeKernel
  error: 2 plat 4 at ShadowBlurMoments.compute(80): failed to open source file: 'Packages/com.unity.render-pipelines.core/ShaderLibrary/Common.hlsl'
  api=4 insize=17177 outsize=0 ok=0
Cmd: compileComputeKernel
  error: 2 plat 4 at ShadowBlurMoments.compute(80): failed to open source file: 'Packages/com.unity.render-pipelines.core/ShaderLibrary/Common.hlsl'
  api=4 insize=17177 outsize=0 ok=0
Cmd: compileComputeKernel
  error: 2 plat 4 at ShadowBlurMoments.compute(80): failed to open source file: 'Packages/com.unity.render-pipelines.core/ShaderLibrary/Common.hlsl'
  api=4 insize=17177 outsize=0 ok=0
Cmd: compileComputeKernel
  error: 2 plat 4 at ShadowBlurMoments.compute(80): failed to open source file: 'Packages/com.unity.render-pipelines.core/ShaderLibrary/Common.hlsl'
  api=4 insize=17177 outsize=0 ok=0
Cmd: compileComputeKernel
  error: 2 plat 4 at materialflags.compute(6): failed to open source file: 'Packages/com.unity.render-pipelines.core/ShaderLibrary/Common.hlsl'
  api=4 insize=3343 outsize=0 ok=0
Cmd: initializeCompiler
Cmd: compileComputeKernel
  api=4 insize=14379 outsize=28669 ok=1
Cmd: compileComputeKernel
  api=4 insize=14379 outsize=56837 ok=1
Cmd: compileComputeKernel
  api=4 insize=14379 outsize=42749 ok=1
Cmd: compileComputeKernel
  api=4 insize=14379 outsize=34525 ok=1
Cmd: compileComputeKernel
  api=4 insize=14379 outsize=34549 ok=1
Cmd: compileComputeKernel
  api=4 insize=14379 outsize=59309 ok=1
Cmd: compileComputeKernel
  api=4 insize=14379 outsize=44225 ok=1
Cmd: compileComputeKernel
  api=4 insize=14379 outsize=44141 ok=1
Cmd: compileComputeKernel
  api=4 insize=14379 outsize=88793 ok=1
Cmd: compileComputeKernel
  api=4 insize=26814 outsize=15773 ok=1
Cmd: compileComputeKernel
  api=4 insize=10881 outsize=9849 ok=1
Cmd: compileComputeKernel
  api=4 insize=4845 outsize=5397 ok=1
Cmd: compileComputeKernel
  api=4 insize=18299 outsize=8553 ok=1
Cmd: compileComputeKernel
  api=4 insize=19063 outsize=15261 ok=1
Cmd: compileComputeKernel
  api=4 insize=21751 outsize=21741 ok=1
Cmd: compileComputeKernel
  api=4 insize=1806 outsize=553 ok=1
Cmd: compileComputeKernel
  api=4 insize=34758 outsize=31513 ok=1
Cmd: compileComputeKernel
  api=4 insize=34758 outsize=30721 ok=1
Cmd: compileComputeKernel
  api=4 insize=8350 outsize=2077 ok=1
Cmd: compileComputeKernel
  api=4 insize=16360 outsize=7029 ok=1
Cmd: compileComputeKernel
  api=4 insize=16866 outsize=5113 ok=1
Cmd: compileComputeKernel
  api=4 insize=16866 outsize=5617 ok=1
Cmd: compileComputeKernel
  api=4 insize=16866 outsize=7397 ok=1
Cmd: compileComputeKernel
  api=4 insize=16866 outsize=7333 ok=1
Cmd: compileComputeKernel
  api=4 insize=16866 outsize=9301 ok=1
Cmd: compileComputeKernel
  api=4 insize=16866 outsize=8345 ok=1
Cmd: compileComputeKernel
  api=4 insize=16866 outsize=9485 ok=1
Cmd: compileComputeKernel
  api=4 insize=16866 outsize=9789 ok=1
